<?xml version="1.0" encoding="UTF-8"?>
<testng-results ignored="0" total="1" passed="1" failed="0" skipped="0">
  <reporter-output>
  </reporter-output>
  <suite started-at="2021-02-04T06:55:02Z" name="Default suite" finished-at="2021-02-04T06:55:12Z" duration-ms="9465">
    <groups>
    </groups>
    <test started-at="2021-02-04T06:55:02Z" name="Default test" finished-at="2021-02-04T06:55:12Z" duration-ms="9465">
      <class name="excelsheet.ExcelProject">
        <test-method signature="setup()[pri:0, instance:excelsheet.ExcelProject@58294867]" started-at="2021-02-04T06:55:02Z" name="setup" finished-at="2021-02-04T06:55:11Z" duration-ms="8948" status="PASS">
          <reporter-output>
          </reporter-output>
        </test-method> <!-- setup -->
      </class> <!-- excelsheet.ExcelProject -->
    </test> <!-- Default test -->
  </suite> <!-- Default suite -->
</testng-results>
